{"D:\\ProjetFinal\\backend-projet\\src\\controllers\\usersController.js": {"path":"D:\\ProjetFinal\\backend-projet\\src\\controllers\\usersController.js","statementMap":{"0":{"start":{"line":2,"column":25},"end":{"line":2,"column":50}},"1":{"start":{"line":3,"column":25},"end":{"line":3,"column":42}},"2":{"start":{"line":4,"column":25},"end":{"line":4,"column":48}},"3":{"start":{"line":5,"column":25},"end":{"line":5,"column":64}},"4":{"start":{"line":7,"column":15},"end":{"line":7,"column":33}},"5":{"start":{"line":9,"column":0},"end":{"line":164,"column":2}},"6":{"start":{"line":12,"column":65},"end":{"line":12,"column":73}},"7":{"start":{"line":14,"column":4},"end":{"line":38,"column":5}},"8":{"start":{"line":16,"column":6},"end":{"line":21,"column":7}},"9":{"start":{"line":17,"column":8},"end":{"line":20,"column":11}},"10":{"start":{"line":24,"column":27},"end":{"line":24,"column":77}},"11":{"start":{"line":25,"column":6},"end":{"line":27,"column":7}},"12":{"start":{"line":26,"column":8},"end":{"line":26,"column":80}},"13":{"start":{"line":30,"column":29},"end":{"line":30,"column":60}},"14":{"start":{"line":31,"column":19},"end":{"line":33,"column":8}},"15":{"start":{"line":35,"column":6},"end":{"line":35,"column":77}},"16":{"start":{"line":37,"column":6},"end":{"line":37,"column":60}},"17":{"start":{"line":43,"column":32},"end":{"line":43,"column":40}},"18":{"start":{"line":45,"column":4},"end":{"line":65,"column":5}},"19":{"start":{"line":46,"column":19},"end":{"line":46,"column":69}},"20":{"start":{"line":47,"column":6},"end":{"line":49,"column":7}},"21":{"start":{"line":48,"column":8},"end":{"line":48,"column":77}},"22":{"start":{"line":51,"column":30},"end":{"line":51,"column":75}},"23":{"start":{"line":52,"column":6},"end":{"line":54,"column":7}},"24":{"start":{"line":53,"column":8},"end":{"line":53,"column":76}},"25":{"start":{"line":56,"column":20},"end":{"line":60,"column":7}},"26":{"start":{"line":62,"column":6},"end":{"line":62,"column":70}},"27":{"start":{"line":64,"column":6},"end":{"line":64,"column":60}},"28":{"start":{"line":70,"column":4},"end":{"line":75,"column":5}},"29":{"start":{"line":71,"column":20},"end":{"line":71,"column":48}},"30":{"start":{"line":72,"column":6},"end":{"line":72,"column":29}},"31":{"start":{"line":74,"column":6},"end":{"line":74,"column":60}},"32":{"start":{"line":80,"column":19},"end":{"line":80,"column":46}},"33":{"start":{"line":81,"column":4},"end":{"line":83,"column":5}},"34":{"start":{"line":82,"column":6},"end":{"line":82,"column":63}},"35":{"start":{"line":85,"column":54},"end":{"line":85,"column":62}},"36":{"start":{"line":87,"column":4},"end":{"line":101,"column":5}},"37":{"start":{"line":88,"column":27},"end":{"line":88,"column":58}},"38":{"start":{"line":89,"column":6},"end":{"line":91,"column":7}},"39":{"start":{"line":90,"column":8},"end":{"line":90,"column":64}},"40":{"start":{"line":93,"column":26},"end":{"line":96,"column":8}},"41":{"start":{"line":98,"column":6},"end":{"line":98,"column":81}},"42":{"start":{"line":100,"column":6},"end":{"line":100,"column":60}},"43":{"start":{"line":106,"column":19},"end":{"line":106,"column":46}},"44":{"start":{"line":107,"column":4},"end":{"line":112,"column":5}},"45":{"start":{"line":108,"column":6},"end":{"line":108,"column":58}},"46":{"start":{"line":109,"column":6},"end":{"line":109,"column":60}},"47":{"start":{"line":111,"column":6},"end":{"line":111,"column":60}},"48":{"start":{"line":117,"column":4},"end":{"line":147,"column":5}},"49":{"start":{"line":118,"column":30},"end":{"line":118,"column":41}},"50":{"start":{"line":119,"column":47},"end":{"line":119,"column":55}},"51":{"start":{"line":121,"column":6},"end":{"line":123,"column":7}},"52":{"start":{"line":122,"column":8},"end":{"line":122,"column":91}},"53":{"start":{"line":124,"column":6},"end":{"line":129,"column":7}},"54":{"start":{"line":125,"column":8},"end":{"line":128,"column":11}},"55":{"start":{"line":131,"column":19},"end":{"line":131,"column":74}},"56":{"start":{"line":132,"column":6},"end":{"line":134,"column":7}},"57":{"start":{"line":133,"column":8},"end":{"line":133,"column":76}},"58":{"start":{"line":136,"column":20},"end":{"line":136,"column":72}},"59":{"start":{"line":137,"column":6},"end":{"line":139,"column":7}},"60":{"start":{"line":138,"column":8},"end":{"line":138,"column":83}},"61":{"start":{"line":141,"column":21},"end":{"line":141,"column":55}},"62":{"start":{"line":142,"column":6},"end":{"line":142,"column":86}},"63":{"start":{"line":144,"column":6},"end":{"line":144,"column":75}},"64":{"start":{"line":146,"column":6},"end":{"line":146,"column":66}},"65":{"start":{"line":152,"column":19},"end":{"line":152,"column":46}},"66":{"start":{"line":153,"column":4},"end":{"line":155,"column":5}},"67":{"start":{"line":154,"column":6},"end":{"line":154,"column":63}},"68":{"start":{"line":157,"column":4},"end":{"line":162,"column":5}},"69":{"start":{"line":158,"column":19},"end":{"line":158,"column":77}},"70":{"start":{"line":159,"column":6},"end":{"line":159,"column":28}},"71":{"start":{"line":161,"column":6},"end":{"line":161,"column":66}}},"fnMap":{"0":{"name":"(anonymous_0)","decl":{"start":{"line":11,"column":12},"end":{"line":11,"column":13}},"loc":{"start":{"line":11,"column":32},"end":{"line":39,"column":3}},"line":11},"1":{"name":"(anonymous_1)","decl":{"start":{"line":42,"column":9},"end":{"line":42,"column":10}},"loc":{"start":{"line":42,"column":29},"end":{"line":66,"column":3}},"line":42},"2":{"name":"(anonymous_2)","decl":{"start":{"line":69,"column":10},"end":{"line":69,"column":11}},"loc":{"start":{"line":69,"column":31},"end":{"line":76,"column":3}},"line":69},"3":{"name":"(anonymous_3)","decl":{"start":{"line":79,"column":10},"end":{"line":79,"column":11}},"loc":{"start":{"line":79,"column":30},"end":{"line":102,"column":3}},"line":79},"4":{"name":"(anonymous_4)","decl":{"start":{"line":105,"column":10},"end":{"line":105,"column":11}},"loc":{"start":{"line":105,"column":30},"end":{"line":113,"column":3}},"line":105},"5":{"name":"(anonymous_5)","decl":{"start":{"line":116,"column":18},"end":{"line":116,"column":19}},"loc":{"start":{"line":116,"column":38},"end":{"line":148,"column":3}},"line":116},"6":{"name":"(anonymous_6)","decl":{"start":{"line":151,"column":15},"end":{"line":151,"column":16}},"loc":{"start":{"line":151,"column":35},"end":{"line":163,"column":3}},"line":151}},"branchMap":{"0":{"loc":{"start":{"line":12,"column":45},"end":{"line":12,"column":60}},"type":"default-arg","locations":[{"start":{"line":12,"column":52},"end":{"line":12,"column":60}}],"line":12},"1":{"loc":{"start":{"line":16,"column":6},"end":{"line":21,"column":7}},"type":"if","locations":[{"start":{"line":16,"column":6},"end":{"line":21,"column":7}},{"start":{},"end":{}}],"line":16},"2":{"loc":{"start":{"line":25,"column":6},"end":{"line":27,"column":7}},"type":"if","locations":[{"start":{"line":25,"column":6},"end":{"line":27,"column":7}},{"start":{},"end":{}}],"line":25},"3":{"loc":{"start":{"line":47,"column":6},"end":{"line":49,"column":7}},"type":"if","locations":[{"start":{"line":47,"column":6},"end":{"line":49,"column":7}},{"start":{},"end":{}}],"line":47},"4":{"loc":{"start":{"line":52,"column":6},"end":{"line":54,"column":7}},"type":"if","locations":[{"start":{"line":52,"column":6},"end":{"line":54,"column":7}},{"start":{},"end":{}}],"line":52},"5":{"loc":{"start":{"line":81,"column":4},"end":{"line":83,"column":5}},"type":"if","locations":[{"start":{"line":81,"column":4},"end":{"line":83,"column":5}},{"start":{},"end":{}}],"line":81},"6":{"loc":{"start":{"line":89,"column":6},"end":{"line":91,"column":7}},"type":"if","locations":[{"start":{"line":89,"column":6},"end":{"line":91,"column":7}},{"start":{},"end":{}}],"line":89},"7":{"loc":{"start":{"line":121,"column":6},"end":{"line":123,"column":7}},"type":"if","locations":[{"start":{"line":121,"column":6},"end":{"line":123,"column":7}},{"start":{},"end":{}}],"line":121},"8":{"loc":{"start":{"line":121,"column":10},"end":{"line":121,"column":42}},"type":"binary-expr","locations":[{"start":{"line":121,"column":10},"end":{"line":121,"column":26}},{"start":{"line":121,"column":30},"end":{"line":121,"column":42}}],"line":121},"9":{"loc":{"start":{"line":124,"column":6},"end":{"line":129,"column":7}},"type":"if","locations":[{"start":{"line":124,"column":6},"end":{"line":129,"column":7}},{"start":{},"end":{}}],"line":124},"10":{"loc":{"start":{"line":132,"column":6},"end":{"line":134,"column":7}},"type":"if","locations":[{"start":{"line":132,"column":6},"end":{"line":134,"column":7}},{"start":{},"end":{}}],"line":132},"11":{"loc":{"start":{"line":137,"column":6},"end":{"line":139,"column":7}},"type":"if","locations":[{"start":{"line":137,"column":6},"end":{"line":139,"column":7}},{"start":{},"end":{}}],"line":137},"12":{"loc":{"start":{"line":153,"column":4},"end":{"line":155,"column":5}},"type":"if","locations":[{"start":{"line":153,"column":4},"end":{"line":155,"column":5}},{"start":{},"end":{}}],"line":153}},"s":{"0":2,"1":2,"2":2,"3":2,"4":2,"5":2,"6":8,"7":8,"8":8,"9":2,"10":6,"11":4,"12":2,"13":2,"14":2,"15":2,"16":2,"17":8,"18":8,"19":8,"20":6,"21":2,"22":4,"23":4,"24":2,"25":2,"26":2,"27":2,"28":4,"29":4,"30":2,"31":2,"32":4,"33":4,"34":2,"35":2,"36":2,"37":2,"38":2,"39":0,"40":2,"41":2,"42":0,"43":4,"44":4,"45":4,"46":2,"47":2,"48":10,"49":10,"50":10,"51":10,"52":2,"53":8,"54":2,"55":6,"56":6,"57":2,"58":4,"59":4,"60":2,"61":2,"62":2,"63":2,"64":0,"65":6,"66":6,"67":2,"68":4,"69":4,"70":2,"71":2},"f":{"0":8,"1":8,"2":4,"3":4,"4":4,"5":10,"6":6},"b":{"0":[6],"1":[2,6],"2":[2,2],"3":[2,4],"4":[2,2],"5":[2,2],"6":[0,2],"7":[2,8],"8":[10,8],"9":[2,6],"10":[2,4],"11":[2,2],"12":[2,4]},"_coverageSchema":"1a1c01bbd47fc00a2c39e90264f33305004495a9","hash":"fa24b2c32a49519ca69457878948f0a86f2281ea"}
,"D:\\ProjetFinal\\backend-projet\\src\\middlewares\\passwordRegex.js": {"path":"D:\\ProjetFinal\\backend-projet\\src\\middlewares\\passwordRegex.js","statementMap":{"0":{"start":{"line":4,"column":23},"end":{"line":4,"column":73}},"1":{"start":{"line":6,"column":0},"end":{"line":6,"column":32}}},"fnMap":{},"branchMap":{},"s":{"0":1,"1":1},"f":{},"b":{},"_coverageSchema":"1a1c01bbd47fc00a2c39e90264f33305004495a9","hash":"15ad1e385495c90c45a5c09e0c5c8b44f4ee535f"}
}
