TN:
SF:src\controllers\usersController.js
FN:11,(anonymous_0)
FN:42,(anonymous_1)
FN:69,(anonymous_2)
FN:79,(anonymous_3)
FN:105,(anonymous_4)
FN:116,(anonymous_5)
FN:151,(anonymous_6)
FNF:7
FNH:7
FNDA:8,(anonymous_0)
FNDA:8,(anonymous_1)
FNDA:4,(anonymous_2)
FNDA:4,(anonymous_3)
FNDA:4,(anonymous_4)
FNDA:10,(anonymous_5)
FNDA:6,(anonymous_6)
DA:2,2
DA:3,2
DA:4,2
DA:5,2
DA:7,2
DA:9,2
DA:12,8
DA:14,8
DA:16,8
DA:17,2
DA:24,6
DA:25,4
DA:26,2
DA:30,2
DA:31,2
DA:35,2
DA:37,2
DA:43,8
DA:45,8
DA:46,8
DA:47,6
DA:48,2
DA:51,4
DA:52,4
DA:53,2
DA:56,2
DA:62,2
DA:64,2
DA:70,4
DA:71,4
DA:72,2
DA:74,2
DA:80,4
DA:81,4
DA:82,2
DA:85,2
DA:87,2
DA:88,2
DA:89,2
DA:90,0
DA:93,2
DA:98,2
DA:100,0
DA:106,4
DA:107,4
DA:108,4
DA:109,2
DA:111,2
DA:117,10
DA:118,10
DA:119,10
DA:121,10
DA:122,2
DA:124,8
DA:125,2
DA:131,6
DA:132,6
DA:133,2
DA:136,4
DA:137,4
DA:138,2
DA:141,2
DA:142,2
DA:144,2
DA:146,0
DA:152,6
DA:153,6
DA:154,2
DA:157,4
DA:158,4
DA:159,2
DA:161,2
LF:72
LH:69
BRDA:12,0,0,6
BRDA:16,1,0,2
BRDA:16,1,1,6
BRDA:25,2,0,2
BRDA:25,2,1,2
BRDA:47,3,0,2
BRDA:47,3,1,4
BRDA:52,4,0,2
BRDA:52,4,1,2
BRDA:81,5,0,2
BRDA:81,5,1,2
BRDA:89,6,0,0
BRDA:89,6,1,2
BRDA:121,7,0,2
BRDA:121,7,1,8
BRDA:121,8,0,10
BRDA:121,8,1,8
BRDA:124,9,0,2
BRDA:124,9,1,6
BRDA:132,10,0,2
BRDA:132,10,1,4
BRDA:137,11,0,2
BRDA:137,11,1,2
BRDA:153,12,0,2
BRDA:153,12,1,4
BRF:25
BRH:24
end_of_record
TN:
SF:src\middlewares\passwordRegex.js
FNF:0
FNH:0
DA:4,1
DA:6,1
LF:2
LH:2
BRF:0
BRH:0
end_of_record
